  keyval.c
C:\Users\foxol\source\repos\Project1\keyval.c(25,33): warning C4028: формальный параметр 2 отличается от объявления
C:\Users\foxol\source\repos\Project1\keyval.c(25,45): warning C4028: формальный параметр 3 отличается от объявления
C:\Users\foxol\source\repos\Project1\keyval.c(37,49): warning C4047: =: "char" отличается по уровням косвенного обращения от "void *"
C:\Users\foxol\source\repos\Project1\keyval.c(38,19): warning C4047: функция: "char *" отличается по уровням косвенного обращения от "char"
C:\Users\foxol\source\repos\Project1\keyval.c(38,12): warning C4024: strcpy: различные типы для формального и фактического параметров 1
C:\Users\foxol\source\repos\Project1\keyval.c(41,19): warning C4047: функция: "char *" отличается по уровням косвенного обращения от "char"
C:\Users\foxol\source\repos\Project1\keyval.c(41,12): warning C4024: strcat: различные типы для формального и фактического параметров 1
C:\Users\foxol\source\repos\Project1\keyval.c(42,35): warning C4047: функция: "char *" отличается по уровням косвенного обращения от "char"
C:\Users\foxol\source\repos\Project1\keyval.c(42,28): warning C4024: SSDWritePage: различные типы для формального и фактического параметров 2
C:\Users\foxol\source\repos\Project1\keyval.c(54,43): warning C4047: функция: "const char *" отличается по уровням косвенного обращения от "char"
C:\Users\foxol\source\repos\Project1\keyval.c(54,40): warning C4024: strcmp: различные типы для формального и фактического параметров 2
C:\Users\foxol\source\repos\Project1\keyval.c(60,33): warning C4047: =: "char" отличается по уровням косвенного обращения от "char *"
C:\Users\foxol\source\repos\Project1\keyval.c(61,32): warning C4047: функция: "char *" отличается по уровням косвенного обращения от "char"
C:\Users\foxol\source\repos\Project1\keyval.c(61,27): warning C4024: SSDReadPage: различные типы для формального и фактического параметров 2
C:\Users\foxol\source\repos\Project1\keyval.c(63,15): warning C4047: return: "char" отличается по уровням косвенного обращения от "char [48]"
  main.c
C:\Users\foxol\source\repos\Project1\main.c(19,25): warning C4047: функция: "char" отличается по уровням косвенного обращения от "char [4]"
C:\Users\foxol\source\repos\Project1\main.c(19,22): warning C4024: WriteString: различные типы для формального и фактического параметров 2
C:\Users\foxol\source\repos\Project1\main.c(19,32): warning C4047: функция: "char" отличается по уровням косвенного обращения от "char [12]"
C:\Users\foxol\source\repos\Project1\main.c(19,27): warning C4024: WriteString: различные типы для формального и фактического параметров 3
C:\Users\foxol\source\repos\Project1\main.c(20,36): warning C4047: функция: "char" отличается по уровням косвенного обращения от "char [4]"
C:\Users\foxol\source\repos\Project1\main.c(20,33): warning C4024: ReadString: различные типы для формального и фактического параметров 2
C:\Users\foxol\source\repos\Project1\main.c(20,37): warning C4047: функция: "const char *" отличается по уровням косвенного обращения от "char"
C:\Users\foxol\source\repos\Project1\main.c(20,27): warning C4024: strcpy: различные типы для формального и фактического параметров 2
  ssd.c
  Создание кода...
C:\Users\foxol\source\repos\Project1\ssd.c(63): warning C4716: SSDReadPage: должна возвращать значение
C:\Users\foxol\source\repos\Project1\ssd.c(36): warning C4172: возвращение адреса локальной или временной переменной : psim
C:\Users\foxol\source\repos\Project1\keyval.c(63): warning C4172: возвращение адреса локальной или временной переменной : res
C:\Users\foxol\source\repos\Project1\keyval.c(16): warning C4172: возвращение адреса локальной или временной переменной : pssd
  Project1.vcxproj -> C:\Users\foxol\source\repos\Project1\x64\Debug\Project1.exe
